s4 src_sha16=dd787455b106884b ideal_deg=704 deg_w=704 lf=[0, 0, 0, 1]
content=1 n_factors=2
degree_spectrum=[352, 352]
multiplicities=[1, 1]
VERDICT: NO_LINEAR_FACTOR => s4 CERTIFIED rational-point-free
lead_equal=False
abs_const_equal=False
prime_pool=[576460752303424621, 576460752303424633, 576460752303424661, 576460752303424673, 576460752303424699, 576460752303424801]
p=576460752303424621 roots[f0:0 f1:0] pairwise_gcd_degs=[0] patterns_equal=False
  p=576460752303424621 f0 split_type=[8, 344]
  p=576460752303424621 f1 split_type=[3, 4, 13, 15, 133, 184]
p=576460752303424633 roots[f0:3 f1:0] pairwise_gcd_degs=[0] patterns_equal=False
  p=576460752303424633 f0 split_type=[1, 1, 1, 11, 18, 42, 47, 231]
  p=576460752303424633 f1 split_type=[2, 3, 4, 44, 126, 173]
p=576460752303424661 roots[f0:2 f1:0] pairwise_gcd_degs=[0] patterns_equal=False
  p=576460752303424661 f0 split_type=[1, 1, 3, 7, 10, 16, 314]
  p=576460752303424661 f1 split_type=[8, 18, 20, 27, 73, 206]
p=576460752303424673 roots[f0:3 f1:4] pairwise_gcd_degs=[0] patterns_equal=False
  p=576460752303424673 f0 split_type=[1, 1, 1, 2, 2, 5, 5, 126, 209]
  p=576460752303424673 f1 split_type=[1, 1, 1, 1, 348]
p=576460752303424699 roots[f0:1 f1:0] pairwise_gcd_degs=[0] patterns_equal=False
  p=576460752303424699 f0 split_type=[1, 4, 34, 42, 271]
  p=576460752303424699 f1 split_type=[7, 345]
p=576460752303424801 roots[f0:2 f1:0] pairwise_gcd_degs=[0] patterns_equal=False
  p=576460752303424801 f0 split_type=[1, 1, 2, 2, 3, 39, 114, 190]
  p=576460752303424801 f1 split_type=[6, 8, 20, 28, 34, 61, 87, 108]
factors_file_sha16=24c01ef792bdb5cc
SLICEFAC_DONE s4
