s2 src_sha16=8ff95444b3bc9961 ideal_deg=704 deg_w=704 lf=[0, 0, 0, 1]
content=1 n_factors=2
degree_spectrum=[352, 352]
multiplicities=[1, 1]
VERDICT: NO_LINEAR_FACTOR => s2 CERTIFIED rational-point-free
lead_equal=True
abs_const_equal=False
prime_pool=[576460752303424621, 576460752303424633, 576460752303424661, 576460752303424673, 576460752303424699, 576460752303424801]
p=576460752303424621 roots[f0:1 f1:2] pairwise_gcd_degs=[0] patterns_equal=False
  p=576460752303424621 f0 split_type=[1, 2, 2, 3, 4, 17, 57, 61, 70, 135]
  p=576460752303424621 f1 split_type=[1, 1, 6, 10, 45, 60, 229]
p=576460752303424633 roots[f0:2 f1:1] pairwise_gcd_degs=[0] patterns_equal=False
  p=576460752303424633 f0 split_type=[1, 1, 5, 6, 13, 37, 47, 93, 149]
  p=576460752303424633 f1 split_type=[1, 5, 7, 11, 16, 312]
p=576460752303424661 roots[f0:0 f1:0] pairwise_gcd_degs=[0] patterns_equal=False
  p=576460752303424661 f0 split_type=[10, 37, 49, 50, 65, 141]
  p=576460752303424661 f1 split_type=[3, 35, 46, 52, 216]
p=576460752303424673 roots[f0:3 f1:2] pairwise_gcd_degs=[0] patterns_equal=False
  p=576460752303424673 f0 split_type=[1, 1, 1, 21, 22, 84, 222]
  p=576460752303424673 f1 split_type=[1, 1, 8, 57, 89, 93, 103]
p=576460752303424699 roots[f0:2 f1:3] pairwise_gcd_degs=[0] patterns_equal=False
  p=576460752303424699 f0 split_type=[1, 1, 2, 2, 18, 27, 87, 93, 121]
  p=576460752303424699 f1 split_type=[1, 1, 1, 7, 8, 38, 131, 165]
p=576460752303424801 roots[f0:0 f1:0] pairwise_gcd_degs=[0] patterns_equal=False
  p=576460752303424801 f0 split_type=[71, 121, 160]
  p=576460752303424801 f1 split_type=[2, 3, 45, 73, 229]
factors_file_sha16=93ecfd010add340b
SLICEFAC_DONE s2
