system=s0_factors.txt sha16=212dcea641d7f856 content=1 sanity_2x352=True
  f1: sign_lead=+1 sign_const=+1 abs_const_digits=6164 abs_const_square=True sign_leadxconst=+1
  f2: sign_lead=+1 sign_const=+1 abs_const_digits=6069 abs_const_square=True sign_leadxconst=+1
  const_product_abs_square=True sign_const_product=+1 sign_norm_product=+1
system=s1_factors.txt sha16=5c5a6d02e27cbd8a content=1 sanity_2x352=True
  f1: sign_lead=+1 sign_const=+1 abs_const_digits=8625 abs_const_square=False sign_leadxconst=+1
  f2: sign_lead=+1 sign_const=+1 abs_const_digits=8563 abs_const_square=False sign_leadxconst=+1
  const_product_abs_square=True sign_const_product=+1 sign_norm_product=+1
system=s2_factors.txt sha16=93ecfd010add340b content=1 sanity_2x352=True
  f1: sign_lead=+1 sign_const=+1 abs_const_digits=8176 abs_const_square=True sign_leadxconst=+1
  f2: sign_lead=+1 sign_const=+1 abs_const_digits=8246 abs_const_square=True sign_leadxconst=+1
  const_product_abs_square=True sign_const_product=+1 sign_norm_product=+1
system=s3_factors.txt sha16=888816d46eebfd4d content=1 sanity_2x352=True
  f1: sign_lead=+1 sign_const=+1 abs_const_digits=8084 abs_const_square=True sign_leadxconst=+1
  f2: sign_lead=+1 sign_const=+1 abs_const_digits=8000 abs_const_square=True sign_leadxconst=+1
  const_product_abs_square=True sign_const_product=+1 sign_norm_product=+1
system=s4_factors.txt sha16=24c01ef792bdb5cc content=1 sanity_2x352=True
  f1: sign_lead=+1 sign_const=+1 abs_const_digits=8313 abs_const_square=True sign_leadxconst=+1
  f2: sign_lead=+1 sign_const=+1 abs_const_digits=8222 abs_const_square=True sign_leadxconst=+1
  const_product_abs_square=True sign_const_product=+1 sign_norm_product=+1
system=s5_factors.txt sha16=6671bb481e94ba53 content=1 sanity_2x352=True
  f1: sign_lead=+1 sign_const=+1 abs_const_digits=9362 abs_const_square=True sign_leadxconst=+1
  f2: sign_lead=+1 sign_const=+1 abs_const_digits=9449 abs_const_square=True sign_leadxconst=+1
  const_product_abs_square=True sign_const_product=+1 sign_norm_product=+1
system=s6_factors.txt sha16=e1daef14b8106dba content=1 sanity_2x352=True
  f1: sign_lead=+1 sign_const=+1 abs_const_digits=8623 abs_const_square=True sign_leadxconst=+1
  f2: sign_lead=+1 sign_const=+1 abs_const_digits=8588 abs_const_square=True sign_leadxconst=+1
  const_product_abs_square=True sign_const_product=+1 sign_norm_product=+1
system=s7_factors.txt sha16=76a28703d6e5d28b content=1 sanity_2x352=True
  f1: sign_lead=+1 sign_const=+1 abs_const_digits=8426 abs_const_square=True sign_leadxconst=+1
  f2: sign_lead=+1 sign_const=+1 abs_const_digits=8356 abs_const_square=True sign_leadxconst=+1
  const_product_abs_square=True sign_const_product=+1 sign_norm_product=+1
system=s8_factors.txt sha16=589cd94dba0a297f content=1 sanity_2x352=True
  f1: sign_lead=+1 sign_const=+1 abs_const_digits=7536 abs_const_square=False sign_leadxconst=+1
  f2: sign_lead=+1 sign_const=+1 abs_const_digits=7630 abs_const_square=False sign_leadxconst=+1
  const_product_abs_square=True sign_const_product=+1 sign_norm_product=+1
system=dloc_s1_D1_factors.txt sha16=3a4fc792c83bda20 content=1 sanity_2x352=True
  f1: sign_lead=+1 sign_const=+1 abs_const_digits=2942 abs_const_square=True sign_leadxconst=+1
  f2: sign_lead=+1 sign_const=+1 abs_const_digits=2908 abs_const_square=True sign_leadxconst=+1
  const_product_abs_square=True sign_const_product=+1 sign_norm_product=+1
system=dloc_s1_D2_factors.txt sha16=57dc80f9d62176ca content=1 sanity_2x352=True
  f1: sign_lead=+1 sign_const=+1 abs_const_digits=5662 abs_const_square=True sign_leadxconst=+1
  f2: sign_lead=+1 sign_const=+1 abs_const_digits=5690 abs_const_square=True sign_leadxconst=+1
  const_product_abs_square=True sign_const_product=+1 sign_norm_product=+1
A6_DONE
