s7 src_sha16=84d6a35f4293afcc ideal_deg=704 deg_w=704 lf=[0, 0, 0, 1]
content=1 n_factors=2
degree_spectrum=[352, 352]
multiplicities=[1, 1]
VERDICT: NO_LINEAR_FACTOR => s7 CERTIFIED rational-point-free
lead_equal=True
abs_const_equal=False
prime_pool=[576460752303424621, 576460752303424633, 576460752303424661, 576460752303424673, 576460752303424699, 576460752303424801]
p=576460752303424621 roots[f0:1 f1:0] pairwise_gcd_degs=[0] patterns_equal=False
  p=576460752303424621 f0 split_type=[1, 36, 315]
  p=576460752303424621 f1 split_type=[7, 13, 15, 50, 267]
p=576460752303424633 roots[f0:0 f1:1] pairwise_gcd_degs=[0] patterns_equal=False
  p=576460752303424633 f0 split_type=[2, 8, 12, 17, 18, 36, 39, 45, 175]
  p=576460752303424633 f1 split_type=[1, 2, 3, 4, 4, 29, 59, 250]
p=576460752303424661 roots[f0:2 f1:1] pairwise_gcd_degs=[0] patterns_equal=False
  p=576460752303424661 f0 split_type=[1, 1, 2, 10, 13, 27, 61, 99, 138]
  p=576460752303424661 f1 split_type=[1, 3, 3, 77, 268]
p=576460752303424673 roots[f0:0 f1:1] pairwise_gcd_degs=[0] patterns_equal=False
  p=576460752303424673 f0 split_type=[2, 3, 49, 74, 224]
  p=576460752303424673 f1 split_type=[1, 9, 28, 53, 122, 139]
p=576460752303424699 roots[f0:0 f1:0] pairwise_gcd_degs=[0] patterns_equal=False
  p=576460752303424699 f0 split_type=[2, 2, 2, 5, 9, 29, 303]
  p=576460752303424699 f1 split_type=[2, 8, 18, 46, 119, 159]
p=576460752303424801 roots[f0:2 f1:0] pairwise_gcd_degs=[0] patterns_equal=False
  p=576460752303424801 f0 split_type=[1, 1, 4, 10, 336]
  p=576460752303424801 f1 split_type=[2, 5, 13, 96, 236]
factors_file_sha16=76a28703d6e5d28b
SLICEFAC_DONE s7
