s1 src_sha16=13f87dc3c1515cfd ideal_deg=704 deg_w=704 lf=[0, 0, 0, 1]
content=1 n_factors=2
degree_spectrum=[352, 352]
multiplicities=[1, 1]
VERDICT: NO_LINEAR_FACTOR => s1 CERTIFIED rational-point-free
lead_equal=True
abs_const_equal=False
prime_pool=[576460752303424621, 576460752303424633, 576460752303424661, 576460752303424673, 576460752303424699, 576460752303424801]
p=576460752303424621 roots[f0:0 f1:0] pairwise_gcd_degs=[0] patterns_equal=False
  p=576460752303424621 f0 split_type=[3, 3, 5, 14, 67, 260]
  p=576460752303424621 f1 split_type=[7, 14, 17, 54, 93, 167]
p=576460752303424633 roots[f0:0 f1:2] pairwise_gcd_degs=[0] patterns_equal=False
  p=576460752303424633 f0 split_type=[2, 3, 3, 4, 6, 9, 325]
  p=576460752303424633 f1 split_type=[1, 1, 12, 12, 25, 48, 91, 162]
p=576460752303424661 roots[f0:0 f1:2] pairwise_gcd_degs=[0] patterns_equal=False
  p=576460752303424661 f0 split_type=[2, 4, 8, 45, 68, 76, 149]
  p=576460752303424661 f1 split_type=[1, 1, 6, 11, 33, 35, 66, 199]
p=576460752303424673 roots[f0:1 f1:1] pairwise_gcd_degs=[0] patterns_equal=False
  p=576460752303424673 f0 split_type=[1, 6, 25, 90, 230]
  p=576460752303424673 f1 split_type=[1, 3, 82, 266]
p=576460752303424699 roots[f0:1 f1:0] pairwise_gcd_degs=[0] patterns_equal=False
  p=576460752303424699 f0 split_type=[1, 2, 4, 26, 85, 98, 136]
  p=576460752303424699 f1 split_type=[14, 338]
p=576460752303424801 roots[f0:0 f1:1] pairwise_gcd_degs=[0] patterns_equal=False
  p=576460752303424801 f0 split_type=[2, 8, 24, 32, 286]
  p=576460752303424801 f1 split_type=[1, 5, 9, 10, 12, 15, 22, 26, 74, 178]
factors_file_sha16=5c5a6d02e27cbd8a
SLICEFAC_DONE s1
