s5 src_sha16=0616fac371aae23d ideal_deg=704 deg_w=704 lf=[0, 0, 0, 1]
content=1 n_factors=2
degree_spectrum=[352, 352]
multiplicities=[1, 1]
VERDICT: NO_LINEAR_FACTOR => s5 CERTIFIED rational-point-free
lead_equal=True
abs_const_equal=False
prime_pool=[576460752303424621, 576460752303424633, 576460752303424661, 576460752303424673, 576460752303424699, 576460752303424801]
p=576460752303424621 roots[f0:2 f1:0] pairwise_gcd_degs=[0] patterns_equal=False
  p=576460752303424621 f0 split_type=[1, 1, 2, 2, 3, 12, 22, 27, 282]
  p=576460752303424621 f1 split_type=[2, 3, 5, 6, 13, 34, 289]
p=576460752303424633 roots[f0:4 f1:1] pairwise_gcd_degs=[0] patterns_equal=False
  p=576460752303424633 f0 split_type=[1, 1, 1, 1, 6, 7, 17, 19, 57, 106, 136]
  p=576460752303424633 f1 split_type=[1, 3, 5, 8, 54, 81, 91, 109]
p=576460752303424661 roots[f0:2 f1:2] pairwise_gcd_degs=[0] patterns_equal=False
  p=576460752303424661 f0 split_type=[1, 1, 5, 102, 109, 134]
  p=576460752303424661 f1 split_type=[1, 1, 2, 2, 26, 57, 263]
p=576460752303424673 roots[f0:1 f1:0] pairwise_gcd_degs=[0] patterns_equal=False
  p=576460752303424673 f0 split_type=[1, 21, 24, 51, 52, 66, 137]
  p=576460752303424673 f1 split_type=[10, 40, 139, 163]
p=576460752303424699 roots[f0:1 f1:1] pairwise_gcd_degs=[0] patterns_equal=False
  p=576460752303424699 f0 split_type=[1, 4, 21, 84, 115, 127]
  p=576460752303424699 f1 split_type=[1, 4, 12, 14, 14, 60, 247]
p=576460752303424801 roots[f0:3 f1:3] pairwise_gcd_degs=[0] patterns_equal=False
  p=576460752303424801 f0 split_type=[1, 1, 1, 4, 7, 13, 73, 102, 150]
  p=576460752303424801 f1 split_type=[1, 1, 1, 5, 25, 46, 100, 173]
factors_file_sha16=6671bb481e94ba53
SLICEFAC_DONE s5
