GATES_GREEN addendum_pin a9d02dac46fea22e engine_pin 2caed4b3596acb38
{
 "hunt_v2_outcome": "MIXED",
 "s0": {
  "dim": 1,
  "plane_points": {
   "t1+t2+t3-1": [],
   "t1-t2-1/3": [],
   "t3-1": [],
   "t3-1/2": []
  },
  "points": [],
  "sat_mult": [
   [
    2,
    2
   ],
   [
    2,
    2
   ],
   [
    2,
    2
   ]
  ],
  "slice": 0,
  "verdict": "DIM_POSITIVE_NO_RATIONAL_ON_PLANES"
 },
 "s1": {
  "dim": 1,
  "plane_points": {
   "t1+t2+t3-1": [],
   "t1-t2-1/3": [],
   "t3-1": [],
   "t3-1/2": []
  },
  "points": [],
  "sat_mult": [
   [
    2,
    2
   ],
   [
    2,
    2
   ],
   [
    2,
    2
   ]
  ],
  "slice": 1,
  "verdict": "DIM_POSITIVE_NO_RATIONAL_ON_PLANES"
 },
 "s2": {
  "dim": 1,
  "plane_points": {
   "t1+t2+t3-1": [],
   "t1-t2-1/3": [],
   "t3-1": [],
   "t3-1/2": []
  },
  "points": [],
  "sat_mult": [
   [
    2,
    2
   ],
   [
    2,
    2
   ],
   [
    2,
    2
   ]
  ],
  "slice": 2,
  "verdict": "DIM_POSITIVE_NO_RATIONAL_ON_PLANES"
 },
 "s3": {
  "dim": 1,
  "plane_points": {
   "t1+t2+t3-1": [],
   "t1-t2-1/3": [],
   "t3-1": [],
   "t3-1/2": []
  },
  "points": [],
  "sat_mult": [
   [
    2,
    2
   ],
   [
    2,
    2
   ],
   [
    2,
    2
   ]
  ],
  "slice": 3,
  "verdict": "DIM_POSITIVE_NO_RATIONAL_ON_PLANES"
 },
 "s4": {
  "dim": 1,
  "plane_points": {
   "t1+t2+t3-1": [],
   "t1-t2-1/3": [],
   "t3-1": [],
   "t3-1/2": []
  },
  "points": [],
  "sat_mult": [
   [
    2,
    2
   ],
   [
    2,
    2
   ],
   [
    2,
    2
   ]
  ],
  "slice": 4,
  "verdict": "DIM_POSITIVE_NO_RATIONAL_ON_PLANES"
 },
 "s5": {
  "dim": 1,
  "plane_points": {
   "t1+t2+t3-1": [],
   "t1-t2-1/3": [],
   "t3-1": [],
   "t3-1/2": []
  },
  "points": [],
  "sat_mult": [
   [
    2,
    2
   ],
   [
    2,
    2
   ],
   [
    2,
    2
   ]
  ],
  "slice": 5,
  "verdict": "DIM_POSITIVE_NO_RATIONAL_ON_PLANES"
 },
 "s6": {
  "dim": 1,
  "plane_points": {
   "t1+t2+t3-1": [],
   "t1-t2-1/3": [],
   "t3-1": [],
   "t3-1/2": []
  },
  "points": [],
  "sat_mult": [
   [
    2,
    2
   ],
   [
    2,
    2
   ],
   [
    2,
    2
   ]
  ],
  "slice": 6,
  "verdict": "DIM_POSITIVE_NO_RATIONAL_ON_PLANES"
 },
 "s7": {
  "dim": 1,
  "plane_points": {
   "t1+t2+t3-1": [],
   "t1-t2-1/3": [],
   "t3-1": [],
   "t3-1/2": []
  },
  "points": [],
  "sat_mult": [
   [
    2,
    2
   ],
   [
    2,
    2
   ],
   [
    2,
    2
   ]
  ],
  "slice": 7,
  "verdict": "DIM_POSITIVE_NO_RATIONAL_ON_PLANES"
 }
}
RECORDS_SHA256 3d7a548c01103721
TIMINGS_JSON {"s0": 19.56, "s1": 20.03, "s2": 20.05, "s3": 20.11, "s4": 20.35, "s5": 20.77, "s6": 20.26, "s7": 20.31}
HUNT_V2_COMPLETE
