GATES_GREEN addendum_pin a9d02dac46fea22e engine_pin 2caed4b3596acb38
{
 "hunt_v2_outcome": "MIXED",
 "s0": {
  "dim": 1,
  "points": [],
  "slice": 0,
  "verdict": "DIM_POSITIVE"
 },
 "s1": {
  "dim": 1,
  "points": [],
  "slice": 1,
  "verdict": "DIM_POSITIVE"
 },
 "s2": {
  "dim": 1,
  "points": [],
  "slice": 2,
  "verdict": "DIM_POSITIVE"
 },
 "s3": {
  "dim": 1,
  "points": [],
  "slice": 3,
  "verdict": "DIM_POSITIVE"
 },
 "s4": {
  "dim": 1,
  "points": [],
  "slice": 4,
  "verdict": "DIM_POSITIVE"
 },
 "s5": {
  "dim": 1,
  "points": [],
  "slice": 5,
  "verdict": "DIM_POSITIVE"
 },
 "s6": {
  "dim": 1,
  "points": [],
  "slice": 6,
  "verdict": "DIM_POSITIVE"
 },
 "s7": {
  "dim": 1,
  "points": [],
  "slice": 7,
  "verdict": "DIM_POSITIVE"
 }
}
RECORDS_SHA256 468a661d499c9353
TIMINGS_JSON {"s0": 19.48, "s1": 20.14, "s2": 19.97, "s3": 20.18, "s4": 20.35, "s5": 20.47, "s6": 20.41, "s7": 20.32}
HUNT_V2_COMPLETE
