split_probe stats: 120 primes, chain seed 576460752303424600
s0 good=120 ram=0 p2fail=0 | mean_fp=(1.067,1.075) var_fp=(0.929,1.086) odd_frac=(0.425,0.500) | parity_match=57/120 lcm_match=0/120
s0 mismatches (first 8): [('par', 576460752303424621), ('lcm', 576460752303424621), ('par', 576460752303424633), ('lcm', 576460752303424633), ('par', 576460752303424661), ('lcm', 576460752303424661), ('lcm', 576460752303424673), ('lcm', 576460752303424699)]
s1 good=120 ram=0 p2fail=0 | mean_fp=(1.025,0.933) var_fp=(1.158,0.929) odd_frac=(0.617,0.450) | parity_match=62/120 lcm_match=0/120
s1 mismatches (first 8): [('lcm', 576460752303424621), ('par', 576460752303424633), ('lcm', 576460752303424633), ('par', 576460752303424661), ('lcm', 576460752303424661), ('par', 576460752303424673), ('lcm', 576460752303424673), ('par', 576460752303424699)]
s2 good=120 ram=0 p2fail=0 | mean_fp=(1.067,0.992) var_fp=(1.162,1.008) odd_frac=(0.508,0.567) | parity_match=57/120 lcm_match=0/120
s2 mismatches (first 8): [('par', 576460752303424621), ('lcm', 576460752303424621), ('par', 576460752303424633), ('lcm', 576460752303424633), ('par', 576460752303424661), ('lcm', 576460752303424661), ('lcm', 576460752303424673), ('par', 576460752303424699)]
s3 good=120 ram=0 p2fail=0 | mean_fp=(0.917,0.900) var_fp=(1.026,0.940) odd_frac=(0.525,0.525) | parity_match=48/120 lcm_match=0/120
s3 mismatches (first 8): [('lcm', 576460752303424621), ('par', 576460752303424633), ('lcm', 576460752303424633), ('par', 576460752303424661), ('lcm', 576460752303424661), ('par', 576460752303424673), ('lcm', 576460752303424673), ('lcm', 576460752303424699)]
s4 good=120 ram=0 p2fail=0 | mean_fp=(1.117,0.975) var_fp=(1.170,0.924) odd_frac=(0.550,0.408) | parity_match=45/120 lcm_match=0/120
s4 mismatches (first 8): [('lcm', 576460752303424621), ('lcm', 576460752303424633), ('par', 576460752303424661), ('lcm', 576460752303424661), ('lcm', 576460752303424673), ('par', 576460752303424699), ('lcm', 576460752303424699), ('lcm', 576460752303424801)]
s5 good=120 ram=0 p2fail=0 | mean_fp=(1.125,0.867) var_fp=(1.076,0.782) odd_frac=(0.458,0.508) | parity_match=66/120 lcm_match=0/120
s5 mismatches (first 8): [('lcm', 576460752303424621), ('par', 576460752303424633), ('lcm', 576460752303424633), ('par', 576460752303424661), ('lcm', 576460752303424661), ('par', 576460752303424673), ('lcm', 576460752303424673), ('par', 576460752303424699)]
s6 good=120 ram=0 p2fail=0 | mean_fp=(1.067,1.008) var_fp=(1.129,1.075) odd_frac=(0.475,0.475) | parity_match=50/120 lcm_match=0/120
s6 mismatches (first 8): [('par', 576460752303424621), ('lcm', 576460752303424621), ('lcm', 576460752303424633), ('lcm', 576460752303424661), ('lcm', 576460752303424673), ('par', 576460752303424699), ('lcm', 576460752303424699), ('par', 576460752303424801)]
s7 good=120 ram=0 p2fail=0 | mean_fp=(0.850,0.933) var_fp=(0.744,0.996) odd_frac=(0.592,0.467) | parity_match=57/120 lcm_match=0/120
s7 mismatches (first 8): [('lcm', 576460752303424621), ('par', 576460752303424633), ('lcm', 576460752303424633), ('lcm', 576460752303424661), ('par', 576460752303424673), ('lcm', 576460752303424673), ('par', 576460752303424699), ('lcm', 576460752303424699)]
SP.1 PASS (all types summed to 352; asserts silent)
SP.2 PASS (all means in band)
SP.3 FAIL (parity match at every good prime, every slice)
SP.4 FAIL (lcm match at every good prime, every slice)
SP.5 MEASURED (variances above)
STATS_DONE
